[utils.icon][WARNING] gtk-icon-theme-error-quark: Icon 'gconf-editor' not present in theme Fog (0) (icon.py:32)
[utils.icon][[1;33mWARNING[0m] gtk-icon-theme-error-quark: Icon 'gconf-editor' not present in theme Fog (0) (icon.py:32)
[utils.icon][WARNING] gtk-icon-theme-error-quark: Icon 'gdm-setup' not present in theme Fog (0) (icon.py:32)
[utils.icon][[1;33mWARNING[0m] gtk-icon-theme-error-quark: Icon 'gdm-setup' not present in theme Fog (0) (icon.py:32)
[utils.icon][WARNING] gtk-icon-theme-error-quark: Icon 'application-octet-stream' not present in theme Fog (0) (icon.py:32)
[utils.icon][[1;33mWARNING[0m] gtk-icon-theme-error-quark: Icon 'application-octet-stream' not present in theme Fog (0) (icon.py:32)
[utils.icon][WARNING] get_from_list for folder-home failed, try next (icon.py:56)
[utils.icon][[1;33mWARNING[0m] get_from_list for folder-home failed, try next (icon.py:56)
[utils.icon][WARNING] gtk-icon-theme-error-quark: Icon 'computerjanitor' not present in theme Fog (0) (icon.py:32)
[utils.icon][[1;33mWARNING[0m] gtk-icon-theme-error-quark: Icon 'computerjanitor' not present in theme Fog (0) (icon.py:32)
[factory][ERROR] 
Distribution: Ubuntu 15.10 wily
Application: Ubuntu Tweak 0.8.7-1~trusty2
Desktop:mate

Traceback (most recent call last):
  File "/usr/lib/python2.7/dist-packages/ubuntutweak/factory.py", line 61, in do_composite_create
    new_widget = globals().get(widget)(**kwargs)
  File "/usr/lib/python2.7/dist-packages/ubuntutweak/gui/widgets.py", line 77, in __init__
    SettingWidget.__init__(self, key=key, default=default, type=bool, backend=backend)
  File "/usr/lib/python2.7/dist-packages/ubuntutweak/gui/widgets.py", line 25, in __init__
    self._setting = GSetting(key=key, default=default, type=type)
  File "/usr/lib/python2.7/dist-packages/ubuntutweak/settings/gsettings.py", line 26, in __init__
    raise Exception('Oops, Settings schema "%s" is not installed' % self.schema_id)
Exception: Oops, Settings schema "org.gnome.gedit.preferences.encodings" is not installed
 (factory.py:63)
[utils.icon][WARNING] gtk-icon-theme-error-quark: Icon 'application-octet-stream' not present in theme Fog (0) (icon.py:32)
[utils.icon][[1;33mWARNING[0m] gtk-icon-theme-error-quark: Icon 'application-octet-stream' not present in theme Fog (0) (icon.py:32)
[utils.icon][WARNING] gtk-icon-theme-error-quark: Icon 'application-octet-stream' not present in theme Fog (0) (icon.py:32)
[utils.icon][[1;33mWARNING[0m] gtk-icon-theme-error-quark: Icon 'application-octet-stream' not present in theme Fog (0) (icon.py:32)
[utils.icon][WARNING] gtk-icon-theme-error-quark: Icon 'application-octet-stream' not present in theme Fog (0) (icon.py:32)
[utils.icon][[1;33mWARNING[0m] gtk-icon-theme-error-quark: Icon 'application-octet-stream' not present in theme Fog (0) (icon.py:32)
[utils.icon][WARNING] gtk-icon-theme-error-quark: Icon 'application-octet-stream' not present in theme Fog (0) (icon.py:32)
[utils.icon][[1;33mWARNING[0m] gtk-icon-theme-error-quark: Icon 'application-octet-stream' not present in theme Fog (0) (icon.py:32)
[utils.icon][WARNING] gtk-icon-theme-error-quark: Icon 'application-octet-stream' not present in theme Fog (0) (icon.py:32)
[utils.icon][[1;33mWARNING[0m] gtk-icon-theme-error-quark: Icon 'application-octet-stream' not present in theme Fog (0) (icon.py:32)
[utils.icon][WARNING] gtk-icon-theme-error-quark: Icon 'application-octet-stream' not present in theme Fog (0) (icon.py:32)
[utils.icon][[1;33mWARNING[0m] gtk-icon-theme-error-quark: Icon 'application-octet-stream' not present in theme Fog (0) (icon.py:32)
[utils.icon][WARNING] gtk-icon-theme-error-quark: Icon 'application-octet-stream' not present in theme Fog (0) (icon.py:32)
[utils.icon][[1;33mWARNING[0m] gtk-icon-theme-error-quark: Icon 'application-octet-stream' not present in theme Fog (0) (icon.py:32)
[utils.icon][WARNING] gtk-icon-theme-error-quark: Icon 'application-octet-stream' not present in theme Fog (0) (icon.py:32)
[utils.icon][[1;33mWARNING[0m] gtk-icon-theme-error-quark: Icon 'application-octet-stream' not present in theme Fog (0) (icon.py:32)
[ConfigSetting][ERROR] No section: 'SeatDefaults' (configsettings.py:54)
[ConfigSetting][ERROR] No option 'draw-grid' in section: 'com.canonical.unity-greeter' (configsettings.py:54)
[ConfigSetting][ERROR] No option 'play-ready-sound' in section: 'com.canonical.unity-greeter' (configsettings.py:54)
[utils.icon][WARNING] gtk-icon-theme-error-quark: Icon 'gdm-setup' not present in theme Fog (0) (icon.py:32)
[utils.icon][[1;33mWARNING[0m] gtk-icon-theme-error-quark: Icon 'gdm-setup' not present in theme Fog (0) (icon.py:32)
[utils.icon][WARNING] gtk-icon-theme-error-quark: Icon 'gdm-setup' not present in theme Fog (0) (icon.py:32)
[utils.icon][[1;33mWARNING[0m] gtk-icon-theme-error-quark: Icon 'gdm-setup' not present in theme Fog (0) (icon.py:32)
[utils.icon][WARNING] gtk-icon-theme-error-quark: Icon 'application-octet-stream' not present in theme Fog (0) (icon.py:32)
[utils.icon][[1;33mWARNING[0m] gtk-icon-theme-error-quark: Icon 'application-octet-stream' not present in theme Fog (0) (icon.py:32)
[utils.icon][WARNING] gtk-icon-theme-error-quark: Icon 'gdm-setup' not present in theme Fog (0) (icon.py:32)
[utils.icon][[1;33mWARNING[0m] gtk-icon-theme-error-quark: Icon 'gdm-setup' not present in theme Fog (0) (icon.py:32)
[utils.icon][WARNING] gtk-icon-theme-error-quark: Icon 'gdm-setup' not present in theme Fog (0) (icon.py:32)
[utils.icon][[1;33mWARNING[0m] gtk-icon-theme-error-quark: Icon 'gdm-setup' not present in theme Fog (0) (icon.py:32)
[utils.icon][WARNING] gtk-icon-theme-error-quark: Icon 'application-octet-stream' not present in theme Fog (0) (icon.py:32)
[utils.icon][[1;33mWARNING[0m] gtk-icon-theme-error-quark: Icon 'application-octet-stream' not present in theme Fog (0) (icon.py:32)
[ConfigSetting][ERROR] No option 'play-ready-sound' in section: 'com.canonical.unity-greeter' (configsettings.py:54)
[utils.icon][WARNING] gtk-icon-theme-error-quark: Icon 'gdm-setup' not present in theme Fog (0) (icon.py:32)
[utils.icon][[1;33mWARNING[0m] gtk-icon-theme-error-quark: Icon 'gdm-setup' not present in theme Fog (0) (icon.py:32)
[utils.icon][WARNING] gtk-icon-theme-error-quark: Icon 'application-octet-stream' not present in theme Fog (0) (icon.py:32)
[utils.icon][[1;33mWARNING[0m] gtk-icon-theme-error-quark: Icon 'application-octet-stream' not present in theme Fog (0) (icon.py:32)
[utils.icon][WARNING] gtk-icon-theme-error-quark: Icon 'gnome-app-install' not present in theme Fog (0) (icon.py:32)
[utils.icon][[1;33mWARNING[0m] gtk-icon-theme-error-quark: Icon 'gnome-app-install' not present in theme Fog (0) (icon.py:32)
[utils.icon][WARNING] gtk-icon-theme-error-quark: Icon 'computerjanitor' not present in theme Fog (0) (icon.py:32)
[utils.icon][[1;33mWARNING[0m] gtk-icon-theme-error-quark: Icon 'computerjanitor' not present in theme Fog (0) (icon.py:32)
[utils.icon][WARNING] get_from_list for text-plain failed, try next (icon.py:56)
[utils.icon][[1;33mWARNING[0m] get_from_list for text-plain failed, try next (icon.py:56)
[utils.icon][WARNING] get_from_list for text-plain failed, try next (icon.py:56)
[utils.icon][[1;33mWARNING[0m] get_from_list for text-plain failed, try next (icon.py:56)
[utils.icon][WARNING] get_from_list for application-x-deb failed, try next (icon.py:56)
[utils.icon][[1;33mWARNING[0m] get_from_list for application-x-deb failed, try next (icon.py:56)
[utils.icon][WARNING] get_from_list for application-x-deb failed, try next (icon.py:56)
[utils.icon][[1;33mWARNING[0m] get_from_list for application-x-deb failed, try next (icon.py:56)
[utils.icon][WARNING] get_from_list for application-x-deb failed, try next (icon.py:56)
[utils.icon][[1;33mWARNING[0m] get_from_list for application-x-deb failed, try next (icon.py:56)
[utils.icon][WARNING] get_from_list for application-x-deb failed, try next (icon.py:56)
[utils.icon][[1;33mWARNING[0m] get_from_list for application-x-deb failed, try next (icon.py:56)
[utils.icon][WARNING] get_from_list for application-x-deb failed, try next (icon.py:56)
[utils.icon][[1;33mWARNING[0m] get_from_list for application-x-deb failed, try next (icon.py:56)
[utils.icon][WARNING] get_from_list for application-x-deb failed, try next (icon.py:56)
[utils.icon][[1;33mWARNING[0m] get_from_list for application-x-deb failed, try next (icon.py:56)
[utils.icon][WARNING] get_from_list for application-x-deb failed, try next (icon.py:56)
[utils.icon][[1;33mWARNING[0m] get_from_list for application-x-deb failed, try next (icon.py:56)
[utils.icon][WARNING] get_from_list for application-x-deb failed, try next (icon.py:56)
[utils.icon][[1;33mWARNING[0m] get_from_list for application-x-deb failed, try next (icon.py:56)
[utils.icon][WARNING] get_from_list for application-x-deb failed, try next (icon.py:56)
[utils.icon][[1;33mWARNING[0m] get_from_list for application-x-deb failed, try next (icon.py:56)
[utils.icon][WARNING] get_from_list for application-x-deb failed, try next (icon.py:56)
[utils.icon][[1;33mWARNING[0m] get_from_list for application-x-deb failed, try next (icon.py:56)
[utils.icon][WARNING] get_from_list for application-x-deb failed, try next (icon.py:56)
[utils.icon][[1;33mWARNING[0m] get_from_list for application-x-deb failed, try next (icon.py:56)
[utils.icon][WARNING] get_from_list for application-x-deb failed, try next (icon.py:56)
[utils.icon][[1;33mWARNING[0m] get_from_list for application-x-deb failed, try next (icon.py:56)
[utils.icon][WARNING] get_from_list for application-x-deb failed, try next (icon.py:56)
[utils.icon][[1;33mWARNING[0m] get_from_list for application-x-deb failed, try next (icon.py:56)
[utils.icon][WARNING] get_from_list for application-x-deb failed, try next (icon.py:56)
[utils.icon][[1;33mWARNING[0m] get_from_list for application-x-deb failed, try next (icon.py:56)
[utils.icon][WARNING] get_from_list for application-x-deb failed, try next (icon.py:56)
[utils.icon][[1;33mWARNING[0m] get_from_list for application-x-deb failed, try next (icon.py:56)
[utils.icon][WARNING] get_from_list for application-x-deb failed, try next (icon.py:56)
[utils.icon][[1;33mWARNING[0m] get_from_list for application-x-deb failed, try next (icon.py:56)
[utils.icon][WARNING] get_from_list for application-x-deb failed, try next (icon.py:56)
[utils.icon][[1;33mWARNING[0m] get_from_list for application-x-deb failed, try next (icon.py:56)
[utils.icon][WARNING] gtk-icon-theme-error-quark: Icon 'text-plain' not present in theme Fog (0) (icon.py:32)
[utils.icon][[1;33mWARNING[0m] gtk-icon-theme-error-quark: Icon 'text-plain' not present in theme Fog (0) (icon.py:32)
[utils.icon][WARNING] gtk-icon-theme-error-quark: Icon 'text-plain' not present in theme Fog (0) (icon.py:32)
[utils.icon][[1;33mWARNING[0m] gtk-icon-theme-error-quark: Icon 'text-plain' not present in theme Fog (0) (icon.py:32)
[utils.icon][WARNING] gtk-icon-theme-error-quark: Icon 'text-plain' not present in theme Fog (0) (icon.py:32)
[utils.icon][[1;33mWARNING[0m] gtk-icon-theme-error-quark: Icon 'text-plain' not present in theme Fog (0) (icon.py:32)
[utils.icon][WARNING] gtk-icon-theme-error-quark: Icon 'text-plain' not present in theme Fog (0) (icon.py:32)
[utils.icon][[1;33mWARNING[0m] gtk-icon-theme-error-quark: Icon 'text-plain' not present in theme Fog (0) (icon.py:32)
[utils.icon][WARNING] gtk-icon-theme-error-quark: Icon 'text-plain' not present in theme Fog (0) (icon.py:32)
[utils.icon][[1;33mWARNING[0m] gtk-icon-theme-error-quark: Icon 'text-plain' not present in theme Fog (0) (icon.py:32)
[utils.icon][WARNING] gtk-icon-theme-error-quark: Icon 'text-plain' not present in theme Fog (0) (icon.py:32)
[utils.icon][[1;33mWARNING[0m] gtk-icon-theme-error-quark: Icon 'text-plain' not present in theme Fog (0) (icon.py:32)
[utils.icon][WARNING] gtk-icon-theme-error-quark: Icon 'text-plain' not present in theme Fog (0) (icon.py:32)
[utils.icon][[1;33mWARNING[0m] gtk-icon-theme-error-quark: Icon 'text-plain' not present in theme Fog (0) (icon.py:32)
[utils.icon][WARNING] gtk-icon-theme-error-quark: Icon 'text-plain' not present in theme Fog (0) (icon.py:32)
[utils.icon][[1;33mWARNING[0m] gtk-icon-theme-error-quark: Icon 'text-plain' not present in theme Fog (0) (icon.py:32)
[utils.icon][WARNING] gtk-icon-theme-error-quark: Icon 'text-plain' not present in theme Fog (0) (icon.py:32)
[utils.icon][[1;33mWARNING[0m] gtk-icon-theme-error-quark: Icon 'text-plain' not present in theme Fog (0) (icon.py:32)
[utils.icon][WARNING] gtk-icon-theme-error-quark: Icon 'text-plain' not present in theme Fog (0) (icon.py:32)
[utils.icon][[1;33mWARNING[0m] gtk-icon-theme-error-quark: Icon 'text-plain' not present in theme Fog (0) (icon.py:32)
